manifest_merge_blame_file/debug/manifest-merger-blame-debug-report.txt
1<?xml version="1.0" encoding="utf-8"?>
2<manifest xmlns:android="http://schemas.android.com/apk/res/android"
3    package="com.xstudioo.simpledatabasedemo"
4    android:versionCode="1"
5    android:versionName="1.0" >
6
7    <uses-sdk
8        android:minSdkVersion="22"
8-->src\main\AndroidManifest.xml
9        android:targetSdkVersion="28" />
9-->src\main\AndroidManifest.xml
10
11    <application
11-->src\main\AndroidManifest.xml:5:5-42:19
12        android:allowBackup="true"
12-->src\main\AndroidManifest.xml:6:9-35
13        android:appComponentFactory="android.support.v4.app.CoreComponentFactory"
13-->[com.android.support:support-compat:28.0.0] AndroidManifest.xml:22:18-91
14        android:debuggable="true"
15        android:icon="@mipmap/ic_launcher"
15-->src\main\AndroidManifest.xml:7:9-43
16        android:label="MY NOTES"
16-->src\main\AndroidManifest.xml:8:9-33
17        android:roundIcon="@mipmap/ic_launcher_round"
17-->src\main\AndroidManifest.xml:9:9-54
18        android:supportsRtl="true"
18-->src\main\AndroidManifest.xml:10:9-35
19        android:testOnly="true"
20        android:theme="@style/AppTheme" >
20-->src\main\AndroidManifest.xml:11:9-40
21        <activity android:name="com.xstudioo.mynotes.Edit" >
21-->src\main\AndroidManifest.xml:12:9-16:20
21-->src\main\AndroidManifest.xml:12:19-59
22            <meta-data
22-->src\main\AndroidManifest.xml:13:13-15:69
23                android:name="android.support.PARENT_ACTIVITY"
23-->src\main\AndroidManifest.xml:14:17-63
24                android:value="com.xstudioo.mynotes.MainActivity" />
24-->src\main\AndroidManifest.xml:15:17-66
25        </activity>
26        <activity
26-->src\main\AndroidManifest.xml:17:9-25:20
27            android:name="com.xstudioo.mynotes.Detail"
27-->src\main\AndroidManifest.xml:18:13-55
28            android:label="@string/title_activity_detail"
28-->src\main\AndroidManifest.xml:19:13-58
29            android:parentActivityName="com.xstudioo.mynotes.MainActivity"
29-->src\main\AndroidManifest.xml:20:13-75
30            android:theme="@style/AppTheme.NoActionBar" >
30-->src\main\AndroidManifest.xml:21:13-56
31            <meta-data
31-->src\main\AndroidManifest.xml:13:13-15:69
32                android:name="android.support.PARENT_ACTIVITY"
32-->src\main\AndroidManifest.xml:14:17-63
33                android:value="com.xstudioo.mynotes.MainActivity" />
33-->src\main\AndroidManifest.xml:15:17-66
34        </activity>
35        <activity android:name="com.xstudioo.mynotes.AddNote" >
35-->src\main\AndroidManifest.xml:26:9-30:20
35-->src\main\AndroidManifest.xml:26:19-62
36            <meta-data
36-->src\main\AndroidManifest.xml:13:13-15:69
37                android:name="android.support.PARENT_ACTIVITY"
37-->src\main\AndroidManifest.xml:14:17-63
38                android:value="com.xstudioo.mynotes.MainActivity" />
38-->src\main\AndroidManifest.xml:15:17-66
39        </activity>
40        <activity android:name="com.xstudioo.mynotes.MainActivity" >
40-->src\main\AndroidManifest.xml:31:9-37:20
40-->src\main\AndroidManifest.xml:31:19-67
41            <intent-filter>
41-->src\main\AndroidManifest.xml:32:13-36:29
42                <action android:name="android.intent.action.MAIN" />
42-->src\main\AndroidManifest.xml:33:17-69
42-->src\main\AndroidManifest.xml:33:25-66
43
44                <category android:name="android.intent.category.LAUNCHER" />
44-->src\main\AndroidManifest.xml:35:17-77
44-->src\main\AndroidManifest.xml:35:27-74
45            </intent-filter>
46        </activity>
47
48        <meta-data
48-->src\main\AndroidManifest.xml:39:9-41:57
49            android:name="preloaded_fonts"
49-->src\main\AndroidManifest.xml:40:13-43
50            android:resource="@array/preloaded_fonts" />
50-->src\main\AndroidManifest.xml:41:13-54
51    </application>
52
53</manifest>